<?xml version="1.0" encoding="UTF-8"?>
<!-- Generated by org.testng.reporters.JUnitXMLReporter -->
<testsuite ignored="0" hostname="KinaBholi" failures="1" tests="2" name="Candidate Assignment API" time="3.264" errors="0" timestamp="2023-07-28T16:20:41 NPT">
  <testcase classname="api.test.UserTests" name="testGetAllUser" time="2.303">
    <failure type="java.lang.AssertionError" message="One of the key is not populated expected [true] but found [false]">
      <![CDATA[java.lang.AssertionError: One of the key is not populated expected [true] but found [false]
at api.test.UserTests.testGetAllUser(UserTests.java:18)
at java.base/java.util.ArrayList.forEach(ArrayList.java:1511)
... Removed 30 stack frames]]>
    </failure>
  </testcase> <!-- testGetAllUser -->
  <testcase classname="api.test.UserTests" name="verifySpecificUser" time="0.634"/>
</testsuite> <!-- Candidate Assignment API -->
